<?xml version="1.0" encoding="UTF-8"?>
<testng-results total="1" passed="1" failed="0" skipped="0">
  <reporter-output>
  </reporter-output>
  <suite started-at="2020-08-30T15:17:06Z" name="Default suite" finished-at="2020-08-30T15:17:13Z" duration-ms="7647">
    <groups>
    </groups>
    <test started-at="2020-08-30T15:17:06Z" name="Default test" finished-at="2020-08-30T15:17:13Z" duration-ms="7647">
      <class name="DemoGIT.GitDemo.DemoGitPractice">
        <test-method signature="test()[pri:0, instance:DemoGIT.GitDemo.DemoGitPractice@3a44431a]" started-at="2020-08-30T08:17:06Z" name="test" finished-at="2020-08-30T08:17:13Z" duration-ms="7610" status="PASS">
          <reporter-output>
          </reporter-output>
        </test-method> <!-- test -->
      </class> <!-- DemoGIT.GitDemo.DemoGitPractice -->
    </test> <!-- Default test -->
  </suite> <!-- Default suite -->
</testng-results>
